@(#)$CDS: LVS version 6.1.7-64b 09/27/2016 19:41 (sjfhw305) $

Command line: /cadence/installs/IC617/tools.lnx86/dfII/bin/64bit/LVS -dir /raid/spring2023/rhuang36/520.492/LVS -l -s -t /raid/spring2023/rhuang36/520.492/LVS/layout /raid/spring2023/rhuang36/520.492/LVS/schematic
Like matching is enabled.
Net swapping is enabled.
Using terminal names as correspondence points.
Compiling Diva LVS rules...

    Net-list summary for /raid/spring2023/rhuang36/520.492/LVS/layout/netlist
       count
        5               nets
        3               terminals
        3               pmos
        2               nmos

    Net-list summary for /raid/spring2023/rhuang36/520.492/LVS/schematic/netlist
       count
        5               nets
        3               terminals
        3               pmos
        2               nmos


    Terminal correspondence points
    N4        N2        Vref
    N2        N0        gnd!
    N3        N1        vdd!

Devices in the rules but not in the netlist:
        cap nfet pfet nmos4 pmos4

The net-lists match.

                             layout  schematic
                                instances
        un-matched              0       0      
        rewired                 0       0      
        size errors             0       0      
        pruned                  0       0      
        active                  5       5      
        total                   5       5      

                                  nets
        un-matched              0       0      
        merged                  0       0      
        pruned                  0       0      
        active                  5       5      
        total                   5       5      

                                terminals
        un-matched              0       0      
        matched but
        different type          0       0      
        total                   3       3      


Probe files from /raid/spring2023/rhuang36/520.492/LVS/schematic

devbad.out:

netbad.out:

mergenet.out:

termbad.out:

prunenet.out:

prunedev.out:

audit.out:


Probe files from /raid/spring2023/rhuang36/520.492/LVS/layout

devbad.out:

netbad.out:

mergenet.out:

termbad.out:

prunenet.out:

prunedev.out:

audit.out:
